<?xml version="1.0" encoding="UTF-8"?>
<!-- Generated by org.testng.reporters.JUnitXMLReporter -->
<testsuite hostname="LAPTOP-H69MIC0M" ignored="0" name="Default test" tests="3" failures="0" timestamp="07 Nov 2018 04:51:52 GMT" time="44.462" errors="0">
  <testcase name="verifyContactsPageLabel" time="0.057" classname="com.crm.qa.testcases.ContactsPageTest"/>
  <testcase name="selectSingleContactsTest" time="0.138" classname="com.crm.qa.testcases.ContactsPageTest"/>
  <testcase name="selectMultipleContactsTest" time="0.38" classname="com.crm.qa.testcases.ContactsPageTest"/>
</testsuite> <!-- Default test -->
