<?xml version="1.0" encoding="UTF-8"?>
<!-- Generated by org.testng.reporters.JUnitXMLReporter -->
<testsuite hostname="LAPTOP-H69MIC0M" ignored="0" name="Free CRM Application test cases" tests="9" failures="0" timestamp="07 Nov 2018 04:56:09 GMT" time="133.373" errors="0">
  <testcase name="loginPageTitleTest" time="0.052" classname="com.crm.qa.testcases.LoginPageTest"/>
  <testcase name="verifyHomePageTitleTest" time="0.012" classname="com.crm.qa.testcases.HomePageTest"/>
  <testcase name="verifyContactsPageLabel" time="0.096" classname="com.crm.qa.testcases.ContactsPageTest"/>
  <testcase name="crmLogoImageTest" time="0.057" classname="com.crm.qa.testcases.LoginPageTest"/>
  <testcase name="verifyUserNameTest" time="0.131" classname="com.crm.qa.testcases.HomePageTest"/>
  <testcase name="selectSingleContactsTest" time="0.177" classname="com.crm.qa.testcases.ContactsPageTest"/>
  <testcase name="loginTest" time="3.916" classname="com.crm.qa.testcases.LoginPageTest"/>
  <testcase name="verifyContactsLinkTest" time="1.056" classname="com.crm.qa.testcases.HomePageTest"/>
  <testcase name="selectMultipleContactsTest" time="0.285" classname="com.crm.qa.testcases.ContactsPageTest"/>
</testsuite> <!-- Free CRM Application test cases -->
